0 info it worked if it ends with ok
1 verbose cli [ 'node',
1 verbose cli   '/usr/local/bin/npm',
1 verbose cli   'install',
1 verbose cli   'node-webkit-builder',
1 verbose cli   '-g' ]
2 info using npm@1.4.14
3 info using node@v0.10.29
4 verbose cache add [ 'node-webkit-builder', null ]
5 verbose cache add name=undefined spec="node-webkit-builder" args=["node-webkit-builder",null]
6 verbose parsed url { protocol: null,
6 verbose parsed url   slashes: null,
6 verbose parsed url   auth: null,
6 verbose parsed url   host: null,
6 verbose parsed url   port: null,
6 verbose parsed url   hostname: null,
6 verbose parsed url   hash: null,
6 verbose parsed url   search: null,
6 verbose parsed url   query: null,
6 verbose parsed url   pathname: 'node-webkit-builder',
6 verbose parsed url   path: 'node-webkit-builder',
6 verbose parsed url   href: 'node-webkit-builder' }
7 silly lockFile 5cd26ca9-node-webkit-builder node-webkit-builder
8 verbose lock node-webkit-builder /Users/cameron/.npm/5cd26ca9-node-webkit-builder.lock
9 silly lockFile 5cd26ca9-node-webkit-builder node-webkit-builder
10 silly lockFile 5cd26ca9-node-webkit-builder node-webkit-builder
11 verbose addNamed [ 'node-webkit-builder', '' ]
12 verbose addNamed [ null, '*' ]
13 silly lockFile 9adbe476-node-webkit-builder node-webkit-builder@
14 verbose lock node-webkit-builder@ /Users/cameron/.npm/9adbe476-node-webkit-builder.lock
15 silly addNameRange { name: 'node-webkit-builder', range: '*', hasData: false }
16 verbose url raw node-webkit-builder
17 verbose url resolving [ 'https://registry.npmjs.org/', './node-webkit-builder' ]
18 verbose url resolved https://registry.npmjs.org/node-webkit-builder
19 info trying registry request attempt 1 at 14:45:59
20 verbose etag "56LRL238C771MNAIUNN57KB30"
21 http GET https://registry.npmjs.org/node-webkit-builder
22 http 304 https://registry.npmjs.org/node-webkit-builder
23 silly registry.get cb [ 304,
23 silly registry.get   { date: 'Mon, 18 Aug 2014 21:45:59 GMT',
23 silly registry.get     server: 'Apache',
23 silly registry.get     via: '1.1 varnish',
23 silly registry.get     'last-modified': 'Mon, 18 Aug 2014 21:45:59 GMT',
23 silly registry.get     'cache-control': 'max-age=60',
23 silly registry.get     etag: '"56LRL238C771MNAIUNN57KB30"',
23 silly registry.get     'x-served-by': 'cache-lax1428-LAX',
23 silly registry.get     'x-cache': 'MISS',
23 silly registry.get     'x-cache-hits': '0',
23 silly registry.get     'x-timer': 'S1408398359.103008,VS0,VE140',
23 silly registry.get     vary: 'Accept',
23 silly registry.get     'content-length': '0',
23 silly registry.get     'keep-alive': 'timeout=10, max=50',
23 silly registry.get     connection: 'Keep-Alive' } ]
24 verbose etag node-webkit-builder from cache
25 silly addNameRange number 2 { name: 'node-webkit-builder', range: '*', hasData: true }
26 silly addNameRange versions [ 'node-webkit-builder',
26 silly addNameRange   [ '0.0.1', '0.0.2', '0.0.3', '0.0.4', '0.1.0', '0.1.1' ] ]
27 verbose addNamed [ 'node-webkit-builder', '0.1.1' ]
28 verbose addNamed [ '0.1.1', '0.1.1' ]
29 silly lockFile 69dbfad1-node-webkit-builder-0-1-1 node-webkit-builder@0.1.1
30 verbose lock node-webkit-builder@0.1.1 /Users/cameron/.npm/69dbfad1-node-webkit-builder-0-1-1.lock
31 silly lockFile 69dbfad1-node-webkit-builder-0-1-1 node-webkit-builder@0.1.1
32 silly lockFile 69dbfad1-node-webkit-builder-0-1-1 node-webkit-builder@0.1.1
33 silly lockFile 9adbe476-node-webkit-builder node-webkit-builder@
34 silly lockFile 9adbe476-node-webkit-builder node-webkit-builder@
35 error Error: EACCES, open '/Users/cameron/.npm/node-webkit-builder/0.1.1/package/package.json'
35 error  { [Error: EACCES, open '/Users/cameron/.npm/node-webkit-builder/0.1.1/package/package.json']
35 error   errno: 3,
35 error   code: 'EACCES',
35 error   path: '/Users/cameron/.npm/node-webkit-builder/0.1.1/package/package.json' }
36 error Please try running this command again as root/Administrator.
37 error System Darwin 14.0.0
38 error command "node" "/usr/local/bin/npm" "install" "node-webkit-builder" "-g"
39 error cwd /Users/cameron/Documents/bm
40 error node -v v0.10.29
41 error npm -v 1.4.14
42 error path /Users/cameron/.npm/node-webkit-builder/0.1.1/package/package.json
43 error code EACCES
44 error errno 3
45 error stack Error: EACCES, open '/Users/cameron/.npm/node-webkit-builder/0.1.1/package/package.json'
46 verbose exit [ 3, true ]
